	at net.paoding.rose.web.ControllerInterceptorAdapter.round(ControllerInterceptorAdapter.java:136)
	at net.paoding.rose.web.ControllerInterceptorAdapter.roundInvocation(ControllerInterceptorAdapter.java:104)
	at net.paoding.rose.web.InterceptorDelegate.roundInvocation(InterceptorDelegate.java:106)
	at net.paoding.rose.web.impl.thread.ActionEngine$InvocationChainImpl.doNext(ActionEngine.java:468)
	at net.paoding.rose.web.ControllerInterceptorAdapter.round(ControllerInterceptorAdapter.java:136)
	at net.paoding.rose.web.ControllerInterceptorAdapter.roundInvocation(ControllerInterceptorAdapter.java:104)
	at net.paoding.rose.web.InterceptorDelegate.roundInvocation(InterceptorDelegate.java:106)
	at net.paoding.rose.web.impl.thread.ActionEngine$InvocationChainImpl.doNext(ActionEngine.java:468)
	at net.paoding.rose.web.ControllerInterceptorAdapter.round(ControllerInterceptorAdapter.java:136)
	at net.paoding.rose.web.ControllerInterceptorAdapter.roundInvocation(ControllerInterceptorAdapter.java:104)
	at net.paoding.rose.web.InterceptorDelegate.roundInvocation(InterceptorDelegate.java:106)
	at net.paoding.rose.web.impl.thread.ActionEngine$InvocationChainImpl.doNext(ActionEngine.java:468)
	at net.paoding.rose.web.ControllerInterceptorAdapter.round(ControllerInterceptorAdapter.java:136)
	at net.paoding.rose.web.ControllerInterceptorAdapter.roundInvocation(ControllerInterceptorAdapter.java:104)
	at net.paoding.rose.web.InterceptorDelegate.roundInvocation(InterceptorDelegate.java:106)
	at net.paoding.rose.web.impl.thread.ActionEngine$InvocationChainImpl.doNext(ActionEngine.java:468)
	at net.paoding.rose.web.ControllerInterceptorAdapter.round(ControllerInterceptorAdapter.java:136)
	at net.paoding.rose.web.portal.impl.WindowCancelableSupportInterceptor.round(WindowCancelableSupportInterceptor.java:39)
	at net.paoding.rose.web.ControllerInterceptorAdapter.roundInvocation(ControllerInterceptorAdapter.java:104)
	at net.paoding.rose.web.InterceptorDelegate.roundInvocation(InterceptorDelegate.java:106)
	at net.paoding.rose.web.impl.thread.ActionEngine$InvocationChainImpl.doNext(ActionEngine.java:468)
	at net.paoding.rose.web.impl.thread.ActionEngine.innerExecute(ActionEngine.java:445)
	at net.paoding.rose.web.impl.thread.ActionEngine.execute(ActionEngine.java:391)
	at net.paoding.rose.web.impl.thread.LinkedEngine.execute(LinkedEngine.java:69)
	at net.paoding.rose.web.impl.thread.Rose.doNext(Rose.java:121)
	at net.paoding.rose.web.impl.thread.ControllerEngine.execute(ControllerEngine.java:83)
	at net.paoding.rose.web.impl.thread.LinkedEngine.execute(LinkedEngine.java:69)
	at net.paoding.rose.web.impl.thread.Rose.doNext(Rose.java:121)
	at net.paoding.rose.web.impl.thread.ModuleEngine.execute(ModuleEngine.java:119)
	at net.paoding.rose.web.impl.thread.LinkedEngine.execute(LinkedEngine.java:69)
	at net.paoding.rose.web.impl.thread.Rose.doNext(Rose.java:121)
	at net.paoding.rose.web.impl.thread.RootEngine.execute(RootEngine.java:126)
	at net.paoding.rose.web.impl.thread.LinkedEngine.execute(LinkedEngine.java:69)
	at net.paoding.rose.web.impl.thread.Rose.doNext(Rose.java:121)
	at net.paoding.rose.web.impl.thread.Rose.innerStart(Rose.java:256)
	at net.paoding.rose.web.impl.thread.Rose.start(Rose.java:109)
	at net.paoding.rose.RoseFilter.doFilter(RoseFilter.java:346)
	at org.apache.catalina.core.ApplicationFilterChain.internalDoFilter(ApplicationFilterChain.java:243)
	at org.apache.catalina.core.ApplicationFilterChain.doFilter(ApplicationFilterChain.java:210)
	at org.tuckey.web.filters.urlrewrite.RuleChain.handleRewrite(RuleChain.java:164)
	at org.tuckey.web.filters.urlrewrite.RuleChain.doRules(RuleChain.java:141)
	at org.tuckey.web.filters.urlrewrite.UrlRewriter.processRequest(UrlRewriter.java:90)
	at org.tuckey.web.filters.urlrewrite.UrlRewriteFilter.doFilter(UrlRewriteFilter.java:417)
	at org.apache.catalina.core.ApplicationFilterChain.internalDoFilter(ApplicationFilterChain.java:243)
	at org.apache.catalina.core.ApplicationFilterChain.doFilter(ApplicationFilterChain.java:210)
	at org.springframework.web.filter.CharacterEncodingFilter.doFilterInternal(CharacterEncodingFilter.java:88)
	at org.springframework.web.filter.OncePerRequestFilter.doFilter(OncePerRequestFilter.java:107)
	at org.apache.catalina.core.ApplicationFilterChain.internalDoFilter(ApplicationFilterChain.java:243)
	at org.apache.catalina.core.ApplicationFilterChain.doFilter(ApplicationFilterChain.java:210)
	at org.apache.catalina.core.StandardWrapperValve.invoke(StandardWrapperValve.java:222)
	at org.apache.catalina.core.StandardContextValve.invoke(StandardContextValve.java:123)
	at org.apache.catalina.authenticator.AuthenticatorBase.invoke(AuthenticatorBase.java:502)
	at org.apache.catalina.core.StandardHostValve.invoke(StandardHostValve.java:171)
	at org.apache.catalina.valves.ErrorReportValve.invoke(ErrorReportValve.java:100)
	at org.apache.catalina.core.StandardEngineValve.invoke(StandardEngineValve.java:118)
	at org.apache.catalina.connector.CoyoteAdapter.service(CoyoteAdapter.java:408)
	at org.apache.coyote.http11.AbstractHttp11Processor.process(AbstractHttp11Processor.java:1041)
	at org.apache.coyote.AbstractProtocol$AbstractConnectionHandler.process(AbstractProtocol.java:603)
	at org.apache.tomcat.util.net.JIoEndpoint$SocketProcessor.run(JIoEndpoint.java:310)
	at java.util.concurrent.ThreadPoolExecutor$Worker.runTask(ThreadPoolExecutor.java:886)
	at java.util.concurrent.ThreadPoolExecutor$Worker.run(ThreadPoolExecutor.java:908)
	at java.lang.Thread.run(Thread.java:662)
[framework] 2014-09-17 11:20:00,971 - cn.focus.dc.focuswap.service.InterfaceService -1172350 [catalina-exec-10] ERROR cn.focus.dc.focuswap.service.InterfaceService  - error and url = http://dev.house.focus.cn/common/loupan/api/?mod=wap&func=wap_movement_info&city_id={cityId}&info_ids={infoId}and para = cityId 13,infoId 22287,
com.alibaba.fastjson.JSONException: unclosed string : '
	at com.alibaba.fastjson.parser.JSONScanner.scanString(JSONScanner.java:738)
	at com.alibaba.fastjson.parser.DefaultJSONParser.parseObject(DefaultJSONParser.java:359)
	at com.alibaba.fastjson.parser.DefaultJSONParser.parseArray(DefaultJSONParser.java:918)
	at com.alibaba.fastjson.parser.DefaultJSONParser.parseObject(DefaultJSONParser.java:387)
	at com.alibaba.fastjson.parser.DefaultJSONParser.parse(DefaultJSONParser.java:1048)
	at com.alibaba.fastjson.parser.DefaultJSONParser.parse(DefaultJSONParser.java:1026)
	at com.alibaba.fastjson.JSON.parse(JSON.java:102)
	at com.alibaba.fastjson.JSON.parse(JSON.java:92)
	at com.alibaba.fastjson.JSON.parseObject(JSON.java:169)
	at cn.focus.dc.focuswap.service.InterfaceService.getJSONFromInterface(InterfaceService.java:50)
	at cn.focus.dc.focuswap.service.RencentNewsService.getRecentNewsFromPHP(RencentNewsService.java:249)
	at cn.focus.dc.focuswap.service.RencentNewsService.getRecentNewsToCache(RencentNewsService.java:190)
	at cn.focus.dc.focuswap.service.RencentNewsService.getRecentNews(RencentNewsService.java:273)
	at cn.focus.dc.focuswap.service.NewsService.filterATag(NewsService.java:606)
	at cn.focus.dc.focuswap.service.NewsService.filterTag(NewsService.java:447)
	at cn.focus.dc.focuswap.service.NewsService.getNews(NewsService.java:265)
	at cn.focus.dc.focuswap.controllers.BuildingXinWenController.getNews(BuildingXinWenController.java:310)
	at sun.reflect.GeneratedMethodAccessor54.invoke(Unknown Source)
	at sun.reflect.DelegatingMethodAccessorImpl.invoke(DelegatingMethodAccessorImpl.java:25)
	at java.lang.reflect.Method.invoke(Method.java:597)
	at net.paoding.rose.web.impl.thread.ActionEngine$InvocationChainImpl.doNext(ActionEngine.java:487)
	at net.paoding.rose.web.ControllerInterceptorAdapter.round(ControllerInterceptorAdapter.java:136)
	at net.paoding.rose.web.ControllerInterceptorAdapter.roundInvocation(ControllerInterceptorAdapter.java:104)
	at net.paoding.rose.web.InterceptorDelegate.roundInvocation(InterceptorDelegate.java:106)
	at net.paoding.rose.web.impl.thread.ActionEngine$InvocationChainImpl.doNext(ActionEngine.java:468)
	at net.paoding.rose.web.ControllerInterceptorAdapter.round(ControllerInterceptorAdapter.java:136)
	at net.paoding.rose.web.ControllerInterceptorAdapter.roundInvocation(ControllerInterceptorAdapter.java:104)
	at net.paoding.rose.web.InterceptorDelegate.roundInvocation(InterceptorDelegate.java:106)
	at net.paoding.rose.web.impl.thread.ActionEngine$InvocationChainImpl.doNext(ActionEngine.java:468)
	at net.paoding.rose.web.ControllerInterceptorAdapter.round(ControllerInterceptorAdapter.java:136)
	at net.paoding.rose.web.ControllerInterceptorAdapter.roundInvocation(ControllerInterceptorAdapter.java:104)
	at net.paoding.rose.web.InterceptorDelegate.roundInvocation(InterceptorDelegate.java:106)
	at net.paoding.rose.web.impl.thread.ActionEngine$InvocationChainImpl.doNext(ActionEngine.java:468)
	at net.paoding.rose.web.ControllerInterceptorAdapter.round(ControllerInterceptorAdapter.java:136)
	at net.paoding.rose.web.ControllerInterceptorAdapter.roundInvocation(ControllerInterceptorAdapter.java:104)
	at net.paoding.rose.web.InterceptorDelegate.roundInvocation(InterceptorDelegate.java:106)
	at net.paoding.rose.web.impl.thread.ActionEngine$InvocationChainImpl.doNext(ActionEngine.java:468)
	at net.paoding.rose.web.ControllerInterceptorAdapter.round(ControllerInterceptorAdapter.java:136)
	at net.paoding.rose.web.ControllerInterceptorAdapter.roundInvocation(ControllerInterceptorAdapter.java:104)
	at net.paoding.rose.web.InterceptorDelegate.roundInvocation(InterceptorDelegate.java:106)
	at net.paoding.rose.web.impl.thread.ActionEngine$InvocationChainImpl.doNext(ActionEngine.java:468)
	at net.paoding.rose.web.ControllerInterceptorAdapter.round(ControllerInterceptorAdapter.java:136)
	at net.paoding.rose.web.ControllerInterceptorAdapter.roundInvocation(ControllerInterceptorAdapter.java:104)
	at net.paoding.rose.web.InterceptorDelegate.roundInvocation(InterceptorDelegate.java:106)
	at net.paoding.rose.web.impl.thread.ActionEngine$InvocationChainImpl.doNext(ActionEngine.java:468)
	at net.paoding.rose.web.ControllerInterceptorAdapter.round(ControllerInterceptorAdapter.java:136)
	at net.paoding.rose.web.portal.impl.WindowCancelableSupportInterceptor.round(WindowCancelableSupportInterceptor.java:39)
	at net.paoding.rose.web.ControllerInterceptorAdapter.roundInvocation(ControllerInterceptorAdapter.java:104)
	at net.paoding.rose.web.InterceptorDelegate.roundInvocation(InterceptorDelegate.java:106)
	at net.paoding.rose.web.impl.thread.ActionEngine$InvocationChainImpl.doNext(ActionEngine.java:468)
	at net.paoding.rose.web.impl.thread.ActionEngine.innerExecute(ActionEngine.java:445)
	at net.paoding.rose.web.impl.thread.ActionEngine.execute(ActionEngine.java:391)
	at net.paoding.rose.web.impl.thread.LinkedEngine.execute(LinkedEngine.java:69)
	at net.paoding.rose.web.impl.thread.Rose.doNext(Rose.java:121)
	at net.paoding.rose.web.impl.thread.ControllerEngine.execute(ControllerEngine.java:83)
	at net.paoding.rose.web.impl.thread.LinkedEngine.execute(LinkedEngine.java:69)
	at net.paoding.rose.web.impl.thread.Rose.doNext(Rose.java:121)
	at net.paoding.rose.web.impl.thread.ModuleEngine.execute(ModuleEngine.java:119)
	at net.paoding.rose.web.impl.thread.LinkedEngine.execute(LinkedEngine.java:69)
	at net.paoding.rose.web.impl.thread.Rose.doNext(Rose.java:121)
	at net.paoding.rose.web.impl.thread.RootEngine.execute(RootEngine.java:126)
	at net.paoding.rose.web.impl.thread.LinkedEngine.execute(LinkedEngine.java:69)
	at net.paoding.rose.web.impl.thread.Rose.doNext(Rose.java:121)
	at net.paoding.rose.web.impl.thread.Rose.innerStart(Rose.java:256)
	at net.paoding.rose.web.impl.thread.Rose.start(Rose.java:109)
	at net.paoding.rose.RoseFilter.doFilter(RoseFilter.java:346)
	at org.apache.catalina.core.ApplicationFilterChain.internalDoFilter(ApplicationFilterChain.java:243)
	at org.apache.catalina.core.ApplicationFilterChain.doFilter(ApplicationFilterChain.java:210)
	at org.tuckey.web.filters.urlrewrite.RuleChain.handleRewrite(RuleChain.java:164)
	at org.tuckey.web.filters.urlrewrite.RuleChain.doRules(RuleChain.java:141)
	at org.tuckey.web.filters.urlrewrite.UrlRewriter.processRequest(UrlRewriter.java:90)
	at org.tuckey.web.filters.urlrewrite.UrlRewriteFilter.doFilter(UrlRewriteFilter.java:417)
	at org.apache.catalina.core.ApplicationFilterChain.internalDoFilter(ApplicationFilterChain.java:243)
	at org.apache.catalina.core.ApplicationFilterChain.doFilter(ApplicationFilterChain.java:210)
	at org.springframework.web.filter.CharacterEncodingFilter.doFilterInternal(CharacterEncodingFilter.java:88)
	at org.springframework.web.filter.OncePerRequestFilter.doFilter(OncePerRequestFilter.java:107)
	at org.apache.catalina.core.ApplicationFilterChain.internalDoFilter(ApplicationFilterChain.java:243)
	at org.apache.catalina.core.ApplicationFilterChain.doFilter(ApplicationFilterChain.java:210)
	at org.apache.catalina.core.StandardWrapperValve.invoke(StandardWrapperValve.java:222)
	at org.apache.catalina.core.StandardContextValve.invoke(StandardContextValve.java:123)
	at org.apache.catalina.authenticator.AuthenticatorBase.invoke(AuthenticatorBase.java:502)
	at org.apache.catalina.core.StandardHostValve.invoke(StandardHostValve.java:171)
	at org.apache.catalina.valves.ErrorReportValve.invoke(ErrorReportValve.java:100)
	at org.apache.catalina.core.StandardEngineValve.invoke(StandardEngineValve.java:118)
	at org.apache.catalina.connector.CoyoteAdapter.service(CoyoteAdapter.java:408)
	at org.apache.coyote.http11.AbstractHttp11Processor.process(AbstractHttp11Processor.java:1041)
	at org.apache.coyote.AbstractProtocol$AbstractConnectionHandler.process(AbstractProtocol.java:603)
	at org.apache.tomcat.util.net.JIoEndpoint$SocketProcessor.run(JIoEndpoint.java:310)
	at java.util.concurrent.ThreadPoolExecutor$Worker.runTask(ThreadPoolExecutor.java:886)
	at java.util.concurrent.ThreadPoolExecutor$Worker.run(ThreadPoolExecutor.java:908)
	at java.lang.Thread.run(Thread.java:662)
[framework] 2014-09-17 11:20:13,434 - cn.focus.dc.focuswap.controllers.LogController -1184813 [catalina-exec-51] INFO  cn.focus.dc.focuswap.controllers.LogController  - bj 楼盘【8529】400called!
[framework] 2014-09-17 11:20:20,089 - cn.focus.dc.focuswap.controllers.HealthCheckController -1191468 [catalina-exec-8] INFO  cn.focus.dc.focuswap.controllers.HealthCheckController  - QUEUE USAGE：0/51200
[framework] 2014-09-17 11:20:35,121 - cn.focus.dc.focuswap.service.InterfaceService -1206500 [catalina-exec-77] ERROR cn.focus.dc.focuswap.service.InterfaceService  - getStringFromInterface: http://focus-xinfang-app.sohusce.com/wap/editorrecommend/list?groupId={groupId} error, and params is  groupId = 220870
org.springframework.web.client.ResourceAccessException: I/O error on GET request for "http://focus-xinfang-app.sohusce.com/wap/editorrecommend/list?groupId=220870": Read timed out; nested exception is java.net.SocketTimeoutException: Read timed out
	at org.springframework.web.client.RestTemplate.doExecute(RestTemplate.java:524)
	at org.springframework.web.client.RestTemplate.execute(RestTemplate.java:479)
	at org.springframework.web.client.RestTemplate.getForObject(RestTemplate.java:244)
	at cn.focus.dc.focuswap.service.InterfaceService.getStringFromInterface(InterfaceService.java:72)
	at cn.focus.dc.focuswap.service.XinFangCommonApiService.getEditorComment(XinFangCommonApiService.java:563)
	at cn.focus.dc.focuswap.controllers.BuildingHomeController.index(BuildingHomeController.java:100)
	at sun.reflect.GeneratedMethodAccessor433.invoke(Unknown Source)
	at sun.reflect.DelegatingMethodAccessorImpl.invoke(DelegatingMethodAccessorImpl.java:25)
	at java.lang.reflect.Method.invoke(Method.java:597)
	at net.paoding.rose.web.impl.thread.ActionEngine$InvocationChainImpl.doNext(ActionEngine.java:487)
	at net.paoding.rose.web.ControllerInterceptorAdapter.round(ControllerInterceptorAdapter.java:136)
	at net.paoding.rose.web.ControllerInterceptorAdapter.roundInvocation(ControllerInterceptorAdapter.java:104)
	at net.paoding.rose.web.InterceptorDelegate.roundInvocation(InterceptorDelegate.java:106)
	at net.paoding.rose.web.impl.thread.ActionEngine$InvocationChainImpl.doNext(ActionEngine.java:468)
	at net.paoding.rose.web.ControllerInterceptorAdapter.round(ControllerInterceptorAdapter.java:136)
	at net.paoding.rose.web.ControllerInterceptorAdapter.roundInvocation(ControllerInterceptorAdapter.java:104)
	at net.paoding.rose.web.InterceptorDelegate.roundInvocation(InterceptorDelegate.java:106)
	at net.paoding.rose.web.impl.thread.ActionEngine$InvocationChainImpl.doNext(ActionEngine.java:468)
	at net.paoding.rose.web.ControllerInterceptorAdapter.round(ControllerInterceptorAdapter.java:136)
	at net.paoding.rose.web.ControllerInterceptorAdapter.roundInvocation(ControllerInterceptorAdapter.java:104)
	at net.paoding.rose.web.InterceptorDelegate.roundInvocation(InterceptorDelegate.java:106)
	at net.paoding.rose.web.impl.thread.ActionEngine$InvocationChainImpl.doNext(ActionEngine.java:468)
	at net.paoding.rose.web.ControllerInterceptorAdapter.round(ControllerInterceptorAdapter.java:136)
	at net.paoding.rose.web.ControllerInterceptorAdapter.roundInvocation(ControllerInterceptorAdapter.java:104)
	at net.paoding.rose.web.InterceptorDelegate.roundInvocation(InterceptorDelegate.java:106)
	at net.paoding.rose.web.impl.thread.ActionEngine$InvocationChainImpl.doNext(ActionEngine.java:468)
	at net.paoding.rose.web.ControllerInterceptorAdapter.round(ControllerInterceptorAdapter.java:136)
	at net.paoding.rose.web.ControllerInterceptorAdapter.roundInvocation(ControllerInterceptorAdapter.java:104)
	at net.paoding.rose.web.InterceptorDelegate.roundInvocation(InterceptorDelegate.java:106)
	at net.paoding.rose.web.impl.thread.ActionEngine$InvocationChainImpl.doNext(ActionEngine.java:468)
	at net.paoding.rose.web.ControllerInterceptorAdapter.round(ControllerInterceptorAdapter.java:136)
	at net.paoding.rose.web.ControllerInterceptorAdapter.roundInvocation(ControllerInterceptorAdapter.java:104)
	at net.paoding.rose.web.InterceptorDelegate.roundInvocation(InterceptorDelegate.java:106)
	at net.paoding.rose.web.impl.thread.ActionEngine$InvocationChainImpl.doNext(ActionEngine.java:468)
	at net.paoding.rose.web.ControllerInterceptorAdapter.round(ControllerInterceptorAdapter.java:136)
	at net.paoding.rose.web.portal.impl.WindowCancelableSupportInterceptor.round(WindowCancelableSupportInterceptor.java:39)
	at net.paoding.rose.web.ControllerInterceptorAdapter.roundInvocation(ControllerInterceptorAdapter.java:104)
	at net.paoding.rose.web.InterceptorDelegate.roundInvocation(InterceptorDelegate.java:106)
	at net.paoding.rose.web.impl.thread.ActionEngine$InvocationChainImpl.doNext(ActionEngine.java:468)
	at net.paoding.rose.web.impl.thread.ActionEngine.innerExecute(ActionEngine.java:445)
	at net.paoding.rose.web.impl.thread.ActionEngine.execute(ActionEngine.java:391)
	at net.paoding.rose.web.impl.thread.LinkedEngine.execute(LinkedEngine.java:69)
	at net.paoding.rose.web.impl.thread.Rose.doNext(Rose.java:121)
	at net.paoding.rose.web.impl.thread.ControllerEngine.execute(ControllerEngine.java:83)
	at net.paoding.rose.web.impl.thread.LinkedEngine.execute(LinkedEngine.java:69)
	at net.paoding.rose.web.impl.thread.Rose.doNext(Rose.java:121)
	at net.paoding.rose.web.impl.thread.ModuleEngine.execute(ModuleEngine.java:119)
	at net.paoding.rose.web.impl.thread.LinkedEngine.execute(LinkedEngine.java:69)
	at net.paoding.rose.web.impl.thread.Rose.doNext(Rose.java:121)
	at net.paoding.rose.web.impl.thread.RootEngine.execute(RootEngine.java:126)
	at net.paoding.rose.web.impl.thread.LinkedEngine.execute(LinkedEngine.java:69)
	at net.paoding.rose.web.impl.thread.Rose.doNext(Rose.java:121)
	at net.paoding.rose.web.impl.thread.Rose.innerStart(Rose.java:256)
	at net.paoding.rose.web.impl.thread.Rose.start(Rose.java:109)
	at net.paoding.rose.RoseFilter.doFilter(RoseFilter.java:346)
	at org.apache.catalina.core.ApplicationFilterChain.internalDoFilter(ApplicationFilterChain.java:243)
	at org.apache.catalina.core.ApplicationFilterChain.doFilter(ApplicationFilterChain.java:210)
	at org.tuckey.web.filters.urlrewrite.RuleChain.handleRewrite(RuleChain.java:164)
	at org.tuckey.web.filters.urlrewrite.RuleChain.doRules(RuleChain.java:141)
	at org.tuckey.web.filters.urlrewrite.UrlRewriter.processRequest(UrlRewriter.java:90)
	at org.tuckey.web.filters.urlrewrite.UrlRewriteFilter.doFilter(UrlRewriteFilter.java:417)
	at org.apache.catalina.core.ApplicationFilterChain.internalDoFilter(ApplicationFilterChain.java:243)
	at org.apache.catalina.core.ApplicationFilterChain.doFilter(ApplicationFilterChain.java:210)
	at org.springframework.web.filter.CharacterEncodingFilter.doFilterInternal(CharacterEncodingFilter.java:88)
	at org.springframework.web.filter.OncePerRequestFilter.doFilter(OncePerRequestFilter.java:107)
	at org.apache.catalina.core.ApplicationFilterChain.internalDoFilter(ApplicationFilterChain.java:243)
	at org.apache.catalina.core.ApplicationFilterChain.doFilter(ApplicationFilterChain.java:210)
	at org.apache.catalina.core.StandardWrapperValve.invoke(StandardWrapperValve.java:222)
	at org.apache.catalina.core.StandardContextValve.invoke(StandardContextValve.java:123)
	at org.apache.catalina.authenticator.AuthenticatorBase.invoke(AuthenticatorBase.java:502)
	at org.apache.catalina.core.StandardHostValve.invoke(StandardHostValve.java:171)
	at org.apache.catalina.valves.ErrorReportValve.invoke(ErrorReportValve.java:100)
	at org.apache.catalina.core.StandardEngineValve.invoke(StandardEngineValve.java:118)
	at org.apache.catalina.connector.CoyoteAdapter.service(CoyoteAdapter.java:408)
	at org.apache.coyote.http11.AbstractHttp11Processor.process(AbstractHttp11Processor.java:1041)
	at org.apache.coyote.AbstractProtocol$AbstractConnectionHandler.process(AbstractProtocol.java:603)
	at org.apache.tomcat.util.net.JIoEndpoint$SocketProcessor.run(JIoEndpoint.java:310)
	at java.util.concurrent.ThreadPoolExecutor$Worker.runTask(ThreadPoolExecutor.java:886)
	at java.util.concurrent.ThreadPoolExecutor$Worker.run(ThreadPoolExecutor.java:908)
	at java.lang.Thread.run(Thread.java:662)
Caused by: java.net.SocketTimeoutException: Read timed out
	at java.net.SocketInputStream.socketRead0(Native Method)
	at java.net.SocketInputStream.read(SocketInputStream.java:129)
	at org.apache.http.impl.io.AbstractSessionInputBuffer.fillBuffer(AbstractSessionInputBuffer.java:160)
	at org.apache.http.impl.io.SocketInputBuffer.fillBuffer(SocketInputBuffer.java:84)
	at org.apache.http.impl.io.AbstractSessionInputBuffer.readLine(AbstractSessionInputBuffer.java:273)
	at org.apache.http.impl.conn.DefaultHttpResponseParser.parseHead(DefaultHttpResponseParser.java:140)
	at org.apache.http.impl.conn.DefaultHttpResponseParser.parseHead(DefaultHttpResponseParser.java:57)
	at org.apache.http.impl.io.AbstractMessageParser.parse(AbstractMessageParser.java:260)
	at org.apache.http.impl.AbstractHttpClientConnection.receiveResponseHeader(AbstractHttpClientConnection.java:283)
	at org.apache.http.impl.conn.DefaultClientConnection.receiveResponseHeader(DefaultClientConnection.java:251)
	at org.apache.http.impl.conn.ManagedClientConnectionImpl.receiveResponseHeader(ManagedClientConnectionImpl.java:197)
	at org.apache.http.protocol.HttpRequestExecutor.doReceiveResponse(HttpRequestExecutor.java:271)
	at org.apache.http.protocol.HttpRequestExecutor.execute(HttpRequestExecutor.java:123)
	at org.apache.http.impl.client.DefaultRequestDirector.tryExecute(DefaultRequestDirector.java:682)
	at org.apache.http.impl.client.DefaultRequestDirector.execute(DefaultRequestDirector.java:486)
	at org.apache.http.impl.client.AbstractHttpClient.doExecute(AbstractHttpClient.java:863)
	at org.apache.http.impl.client.CloseableHttpClient.execute(CloseableHttpClient.java:82)
	at org.apache.http.impl.client.CloseableHttpClient.execute(CloseableHttpClient.java:57)
	at org.springframework.http.client.HttpComponentsClientHttpRequest.executeInternal(HttpComponentsClientHttpRequest.java:88)
	at org.springframework.http.client.AbstractBufferingClientHttpRequest.executeInternal(AbstractBufferingClientHttpRequest.java:46)
	at org.springframework.http.client.AbstractClientHttpRequest.execute(AbstractClientHttpRequest.java:49)
	at org.springframework.web.client.RestTemplate.doExecute(RestTemplate.java:509)
	... 79 more
[framework] 2014-09-17 11:21:16,847 - cn.focus.dc.focuswap.controllers.LogController -1248226 [catalina-exec-66] INFO  cn.focus.dc.focuswap.controllers.LogController  - sz 楼盘【50432】400called!
[framework] 2014-09-17 11:21:21,158 - cn.focus.dc.focuswap.service.BuildingProposeService -1252537 [catalina-exec-24] INFO  cn.focus.dc.focuswap.service.BuildingProposeService  - set propose status to cache: 34
[framework] 2014-09-17 11:21:21,514 - cn.focus.dc.focuswap.controllers.portal.BuildingController -1252893 [portalExecutor-62] INFO  cn.focus.dc.focuswap.controllers.portal.BuildingController  - 
[framework] 2014-09-17 11:21:24,473 - cn.focus.dc.focuswap.controllers.LogController -1255852 [catalina-exec-41] INFO  cn.focus.dc.focuswap.controllers.LogController  - cd 楼盘【111649】400called!
[framework] 2014-09-17 11:21:27,441 - cn.focus.dc.focuswap.service.BuildingProposeService -1258820 [catalina-exec-65] INFO  cn.focus.dc.focuswap.service.BuildingProposeService  - set propose status to cache: 5
[framework] 2014-09-17 11:21:34,575 - cn.focus.dc.focuswap.controllers.portal.BuildingController -1265954 [portalExecutor-22] INFO  cn.focus.dc.focuswap.controllers.portal.BuildingController  - 
[framework] 2014-09-17 11:22:12,502 - cn.focus.dc.focuswap.controllers.HealthCheckController -1303881 [catalina-exec-75] INFO  cn.focus.dc.focuswap.controllers.HealthCheckController  - QUEUE USAGE：0/51200
[framework] 2014-09-17 11:22:29,694 - cn.focus.dc.focuswap.controllers.portal.BuildingController -1321073 [portalExecutor-17] INFO  cn.focus.dc.focuswap.controllers.portal.BuildingController  - 
[framework] 2014-09-17 11:22:45,173 - cn.focus.dc.focuswap.controllers.portal.BuildingController -1336552 [portalExecutor-37] INFO  cn.focus.dc.focuswap.controllers.portal.BuildingController  - 
[framework] 2014-09-17 11:22:45,393 - cn.focus.dc.focuswap.controllers.portal.BuildingController -1336772 [portalExecutor-87] INFO  cn.focus.dc.focuswap.controllers.portal.BuildingController  - 
[framework] 2014-09-17 11:22:46,184 - cn.focus.dc.focuswap.controllers.portal.BuildingController -1337563 [portalExecutor-32] INFO  cn.focus.dc.focuswap.controllers.portal.BuildingController  - 
[framework] 2014-09-17 11:23:18,773 - cn.focus.dc.focuswap.controllers.HealthCheckController -1370152 [catalina-exec-37] INFO  cn.focus.dc.focuswap.controllers.HealthCheckController  - QUEUE USAGE：0/51200
[framework] 2014-09-17 11:23:19,825 - cn.focus.dc.focuswap.controllers.HealthCheckController -1371204 [catalina-exec-68] INFO  cn.focus.dc.focuswap.controllers.HealthCheckController  - QUEUE USAGE：0/51200
[framework] 2014-09-17 11:23:35,753 - cn.focus.dc.focuswap.controllers.portal.BuildingController -1387132 [portalExecutor-9] INFO  cn.focus.dc.focuswap.controllers.portal.BuildingController  - 
[framework] 2014-09-17 11:24:12,529 - cn.focus.dc.focuswap.controllers.HealthCheckController -1423908 [catalina-exec-72] INFO  cn.focus.dc.focuswap.controllers.HealthCheckController  - QUEUE USAGE：0/51200
[framework] 2014-09-17 11:24:34,541 - cn.focus.dc.focuswap.service.HomeService -1445920 [portalExecutor-91] INFO  cn.focus.dc.focuswap.service.HomeService  - now adding home_jiaodiantu list to memcached server, key: wap:home:jiaodiantu:list:6
[framework] 2014-09-17 11:24:34,561 - cn.focus.dc.focuswap.controllers.portal.HomeController -1445940 [portalExecutor-5] INFO  cn.focus.dc.focuswap.controllers.portal.HomeController  - cached zhaofang list 6
[framework] 2014-09-17 11:24:34,635 - cn.focus.dc.focuswap.controllers.portal.HomeController -1446014 [portalExecutor-25] INFO  cn.focus.dc.focuswap.controllers.portal.HomeController  - cached dazheloupan list6
[framework] 2014-09-17 11:24:34,685 - cn.focus.dc.focuswap.controllers.portal.HomeController -1446064 [portalExecutor-15] INFO  cn.focus.dc.focuswap.controllers.portal.HomeController  - cached xiao huxing list 6
[framework] 2014-09-17 11:24:34,698 - cn.focus.dc.focuswap.controllers.portal.HomeController -1446077 [portalExecutor-19] INFO  cn.focus.dc.focuswap.controllers.portal.HomeController  - cached zuixinkaipan list 6
[framework] 2014-09-17 11:24:40,980 - cn.focus.dc.focuswap.controllers.portal.BuildingController -1452359 [portalExecutor-14] INFO  cn.focus.dc.focuswap.controllers.portal.BuildingController  - 
[framework] 2014-09-17 11:24:46,670 - cn.focus.dc.focuswap.controllers.LogController -1458049 [catalina-exec-59] INFO  cn.focus.dc.focuswap.controllers.LogController  - wuxi 楼盘【340508】400called!
[framework] 2014-09-17 11:24:51,528 - cn.focus.dc.focuswap.controllers.HealthCheckController -1462907 [catalina-exec-32] INFO  cn.focus.dc.focuswap.controllers.HealthCheckController  - QUEUE USAGE：0/51200
[framework] 2014-09-17 11:24:55,358 - cn.focus.dc.focuswap.controllers.portal.BuildingController -1466737 [portalExecutor-39] INFO  cn.focus.dc.focuswap.controllers.portal.BuildingController  - 
[framework] 2014-09-17 11:24:55,762 - cn.focus.dc.focuswap.controllers.portal.BuildingController -1467141 [portalExecutor-99] INFO  cn.focus.dc.focuswap.controllers.portal.BuildingController  - 
[framework] 2014-09-17 11:25:06,649 - cn.focus.dc.focuswap.controllers.portal.BuildingController -1478028 [portalExecutor-7] INFO  cn.focus.dc.focuswap.controllers.portal.BuildingController  - 
[framework] 2014-09-17 11:25:09,632 - cn.focus.dc.focuswap.controllers.HealthCheckController -1481011 [catalina-exec-25] INFO  cn.focus.dc.focuswap.controllers.HealthCheckController  - QUEUE USAGE：0/51200
[framework] 2014-09-17 11:25:12,055 - cn.focus.dc.focuswap.controllers.portal.BuildingController -1483434 [portalExecutor-65] INFO  cn.focus.dc.focuswap.controllers.portal.BuildingController  - 
[framework] 2014-09-17 11:26:12,546 - cn.focus.dc.focuswap.controllers.HealthCheckController -1543925 [catalina-exec-69] INFO  cn.focus.dc.focuswap.controllers.HealthCheckController  - QUEUE USAGE：0/51200
[framework] 2014-09-17 11:26:39,214 - cn.focus.dc.focuswap.controllers.LogController -1570593 [catalina-exec-69] INFO  cn.focus.dc.focuswap.controllers.LogController  - bj 楼盘【8045】400called!
[framework] 2014-09-17 11:27:02,788 - cn.focus.dc.focuswap.service.CacheHandlerService -1594167 [portalExecutor-8] ERROR cn.focus.dc.focuswap.service.CacheHandlerService  - 
java.util.concurrent.TimeoutException: Timed out(2000 milliseconds) waiting for operation while connected to 10.16.24.2:11211
	at net.rubyeye.xmemcached.XMemcachedClient.latchWait(XMemcachedClient.java:2617)
	at net.rubyeye.xmemcached.XMemcachedClient.fetch0(XMemcachedClient.java:617)
	at net.rubyeye.xmemcached.XMemcachedClient.get0(XMemcachedClient.java:1030)
	at net.rubyeye.xmemcached.XMemcachedClient.get(XMemcachedClient.java:988)
	at net.rubyeye.xmemcached.XMemcachedClient.get(XMemcachedClient.java:999)
	at cn.focus.dc.focuswap.service.CacheHandlerService.getCacheValue(CacheHandlerService.java:41)
	at cn.focus.dc.focuswap.controllers.portal.HomeController.getZXKP(HomeController.java:651)
	at sun.reflect.GeneratedMethodAccessor383.invoke(Unknown Source)
	at sun.reflect.DelegatingMethodAccessorImpl.invoke(DelegatingMethodAccessorImpl.java:25)
	at java.lang.reflect.Method.invoke(Method.java:597)
	at net.paoding.rose.web.impl.thread.ActionEngine$InvocationChainImpl.doNext(ActionEngine.java:487)
	at net.paoding.rose.web.ControllerInterceptorAdapter.round(ControllerInterceptorAdapter.java:136)
	at net.paoding.rose.web.ControllerInterceptorAdapter.roundInvocation(ControllerInterceptorAdapter.java:104)
	at net.paoding.rose.web.InterceptorDelegate.roundInvocation(InterceptorDelegate.java:106)
	at net.paoding.rose.web.impl.thread.ActionEngine$InvocationChainImpl.doNext(ActionEngine.java:468)
	at net.paoding.rose.web.ControllerInterceptorAdapter.round(ControllerInterceptorAdapter.java:136)
	at net.paoding.rose.web.ControllerInterceptorAdapter.roundInvocation(ControllerInterceptorAdapter.java:104)
	at net.paoding.rose.web.InterceptorDelegate.roundInvocation(InterceptorDelegate.java:106)
	at net.paoding.rose.web.impl.thread.ActionEngine$InvocationChainImpl.doNext(ActionEngine.java:468)
	at net.paoding.rose.web.ControllerInterceptorAdapter.round(ControllerInterceptorAdapter.java:136)
	at net.paoding.rose.web.ControllerInterceptorAdapter.roundInvocation(ControllerInterceptorAdapter.java:104)
	at net.paoding.rose.web.InterceptorDelegate.roundInvocation(InterceptorDelegate.java:106)
	at net.paoding.rose.web.impl.thread.ActionEngine$InvocationChainImpl.doNext(ActionEngine.java:468)
	at net.paoding.rose.web.ControllerInterceptorAdapter.round(ControllerInterceptorAdapter.java:136)
	at net.paoding.rose.web.portal.impl.WindowCancelableSupportInterceptor.round(WindowCancelableSupportInterceptor.java:48)
	at net.paoding.rose.web.ControllerInterceptorAdapter.roundInvocation(ControllerInterceptorAdapter.java:104)
	at net.paoding.rose.web.InterceptorDelegate.roundInvocation(InterceptorDelegate.java:106)
	at net.paoding.rose.web.impl.thread.ActionEngine$InvocationChainImpl.doNext(ActionEngine.java:468)
	at net.paoding.rose.web.impl.thread.ActionEngine.innerExecute(ActionEngine.java:445)
	at net.paoding.rose.web.impl.thread.ActionEngine.execute(ActionEngine.java:391)
	at net.paoding.rose.web.impl.thread.LinkedEngine.execute(LinkedEngine.java:69)
	at net.paoding.rose.web.impl.thread.Rose.doNext(Rose.java:121)
	at net.paoding.rose.web.impl.thread.ControllerEngine.execute(ControllerEngine.java:83)
	at net.paoding.rose.web.impl.thread.LinkedEngine.execute(LinkedEngine.java:69)
	at net.paoding.rose.web.impl.thread.Rose.doNext(Rose.java:121)
	at net.paoding.rose.web.impl.thread.ModuleEngine.execute(ModuleEngine.java:119)
	at net.paoding.rose.web.impl.thread.LinkedEngine.execute(LinkedEngine.java:69)
	at net.paoding.rose.web.impl.thread.Rose.doNext(Rose.java:121)
	at net.paoding.rose.web.impl.thread.RootEngine.execute(RootEngine.java:126)
	at net.paoding.rose.web.impl.thread.LinkedEngine.execute(LinkedEngine.java:69)
	at net.paoding.rose.web.impl.thread.Rose.doNext(Rose.java:121)
	at net.paoding.rose.web.impl.thread.Rose.innerStart(Rose.java:256)
	at net.paoding.rose.web.impl.thread.Rose.start(Rose.java:109)
	at net.paoding.rose.RoseFilter.doFilter(RoseFilter.java:346)
	at org.apache.catalina.core.ApplicationFilterChain.internalDoFilter(ApplicationFilterChain.java:243)
	at org.apache.catalina.core.ApplicationFilterChain.doFilter(ApplicationFilterChain.java:210)
	at org.springframework.web.filter.OncePerRequestFilter.doFilter(OncePerRequestFilter.java:101)
	at org.apache.catalina.core.ApplicationFilterChain.internalDoFilter(ApplicationFilterChain.java:243)
	at org.apache.catalina.core.ApplicationFilterChain.doFilter(ApplicationFilterChain.java:210)
	at org.apache.catalina.core.ApplicationDispatcher.invoke(ApplicationDispatcher.java:749)
	at org.apache.catalina.core.ApplicationDispatcher.processRequest(ApplicationDispatcher.java:487)
	at org.apache.catalina.core.ApplicationDispatcher.doForward(ApplicationDispatcher.java:412)
	at org.apache.catalina.core.ApplicationDispatcher.forward(ApplicationDispatcher.java:339)
	at net.paoding.rose.web.portal.impl.WindowTask.run(WindowTask.java:81)
	at java.util.concurrent.Executors$RunnableAdapter.call(Executors.java:441)
	at java.util.concurrent.FutureTask$Sync.innerRun(FutureTask.java:303)
	at java.util.concurrent.FutureTask.run(FutureTask.java:138)
	at java.util.concurrent.ThreadPoolExecutor$Worker.runTask(ThreadPoolExecutor.java:886)
	at java.util.concurrent.ThreadPoolExecutor$Worker.run(ThreadPoolExecutor.java:908)
	at java.lang.Thread.run(Thread.java:662)
[framework] 2014-09-17 11:27:02,834 - cn.focus.dc.focuswap.controllers.portal.HomeController -1594213 [portalExecutor-8] INFO  cn.focus.dc.focuswap.controllers.portal.HomeController  - cached zuixinkaipan list 2
[framework] 2014-09-17 11:27:12,963 - cn.focus.dc.focuswap.controllers.portal.BuildingController -1604342 [portalExecutor-20] INFO  cn.focus.dc.focuswap.controllers.portal.BuildingController  - 
[framework] 2014-09-17 11:27:12,992 - cn.focus.dc.focuswap.controllers.portal.BuildingController -1604371 [portalExecutor-69] INFO  cn.focus.dc.focuswap.controllers.portal.BuildingController  - 
[framework] 2014-09-17 11:27:15,645 - cn.focus.dc.focuswap.controllers.HealthCheckController -1607024 [catalina-exec-21] INFO  cn.focus.dc.focuswap.controllers.HealthCheckController  - QUEUE USAGE：0/51200
[framework] 2014-09-17 11:27:35,812 - cn.focus.dc.focuswap.controllers.portal.BuildingController -1627191 [portalExecutor-17] INFO  cn.focus.dc.focuswap.controllers.portal.BuildingController  - 
[framework] 2014-09-17 11:28:14,490 - cn.focus.dc.focuswap.controllers.HealthCheckController -1665869 [catalina-exec-74] INFO  cn.focus.dc.focuswap.controllers.HealthCheckController  - QUEUE USAGE：0/51200
[framework] 2014-09-17 11:28:49,558 - cn.focus.dc.focuswap.controllers.portal.BuildingController -1700937 [portalExecutor-50] INFO  cn.focus.dc.focuswap.controllers.portal.BuildingController  - 
[framework] 2014-09-17 11:29:13,571 - cn.focus.dc.focuswap.controllers.HealthCheckController -1724950 [catalina-exec-59] INFO  cn.focus.dc.focuswap.controllers.HealthCheckController  - QUEUE USAGE：0/51200
[framework] 2014-09-17 11:29:17,402 - cn.focus.dc.focuswap.controllers.portal.BuildingController -1728781 [portalExecutor-71] INFO  cn.focus.dc.focuswap.controllers.portal.BuildingController  - 
[framework] 2014-09-17 11:29:37,935 - cn.focus.dc.focuswap.controllers.portal.HomeController -1749314 [portalExecutor-34] INFO  cn.focus.dc.focuswap.controllers.portal.HomeController  - cached zuixinkaipan list 16
[framework] 2014-09-17 11:29:37,943 - cn.focus.dc.focuswap.controllers.portal.HomeController -1749322 [portalExecutor-81] INFO  cn.focus.dc.focuswap.controllers.portal.HomeController  - cached xiao huxing list 16
[framework] 2014-09-17 11:29:40,911 - cn.focus.dc.focuswap.service.BuildingProposeService -1752290 [catalina-exec-37] INFO  cn.focus.dc.focuswap.service.BuildingProposeService  - set propose status to cache: 7
[framework] 2014-09-17 11:29:50,809 - cn.focus.dc.focuswap.controllers.portal.BuildingController -1762188 [portalExecutor-19] INFO  cn.focus.dc.focuswap.controllers.portal.BuildingController  - 
[framework] 2014-09-17 11:29:58,513 - cn.focus.dc.focuswap.controllers.HealthCheckController -1769892 [catalina-exec-10] INFO  cn.focus.dc.focuswap.controllers.HealthCheckController  - QUEUE USAGE：0/51200
[framework] 2014-09-17 11:30:00,009 - cn.focus.dc.focuswap.service.NewsService -1771388 [pool-7-thread-1] INFO  cn.focus.dc.focuswap.service.NewsService  - ====开始从PHP接口加载数据====
[framework] 2014-09-17 11:30:01,572 - cn.focus.dc.focuswap.controllers.HealthCheckController -1772951 [catalina-exec-63] INFO  cn.focus.dc.focuswap.controllers.HealthCheckController  - QUEUE USAGE：0/51200
[framework] 2014-09-17 11:30:03,773 - cn.focus.dc.focuswap.service.NewsService -1775152 [pool-7-thread-1] INFO  cn.focus.dc.focuswap.service.NewsService  - ========从PHP接口加载数据完毕==========
[framework] 2014-09-17 11:30:21,656 - cn.focus.dc.focuswap.controllers.portal.BuildingController -1793035 [portalExecutor-75] INFO  cn.focus.dc.focuswap.controllers.portal.BuildingController  - 
[framework] 2014-09-17 11:30:29,023 - cn.focus.dc.focuswap.controllers.portal.BuildingController -1800402 [portalExecutor-83] INFO  cn.focus.dc.focuswap.controllers.portal.BuildingController  - 
[framework] 2014-09-17 11:30:41,111 - cn.focus.dc.focuswap.controllers.portal.BuildingController -1812490 [portalExecutor-54] INFO  cn.focus.dc.focuswap.controllers.portal.BuildingController  - 
[framework] 2014-09-17 11:30:42,956 - cn.focus.dc.focuswap.controllers.portal.HomeController -1814335 [portalExecutor-80] INFO  cn.focus.dc.focuswap.controllers.portal.HomeController  - cached dazheloupan list27
[framework] 2014-09-17 11:30:42,966 - cn.focus.dc.focuswap.service.HomeService -1814345 [portalExecutor-26] INFO  cn.focus.dc.focuswap.service.HomeService  - now adding home_jiaodiantu list to memcached server, key: wap:home:jiaodiantu:list:27
[framework] 2014-09-17 11:30:42,970 - cn.focus.dc.focuswap.controllers.portal.HomeController -1814349 [portalExecutor-18] INFO  cn.focus.dc.focuswap.controllers.portal.HomeController  - cached zuixinkaipan list 27
[framework] 2014-09-17 11:30:51,933 - cn.focus.dc.focuswap.controllers.portal.BuildingController -1823312 [portalExecutor-5] INFO  cn.focus.dc.focuswap.controllers.portal.BuildingController  - 
[framework] 2014-09-17 11:30:58,829 - cn.focus.dc.focuswap.controllers.LogController -1830208 [catalina-exec-22] INFO  cn.focus.dc.focuswap.controllers.LogController  - zz 楼盘【480949】400called!
[framework] 2014-09-17 11:31:01,694 - cn.focus.dc.focuswap.controllers.HealthCheckController -1833073 [catalina-exec-57] INFO  cn.focus.dc.focuswap.controllers.HealthCheckController  - QUEUE USAGE：44/51200
[framework] 2014-09-17 11:31:23,286 - cn.focus.dc.focuswap.controllers.portal.BuildingController -1854665 [portalExecutor-8] INFO  cn.focus.dc.focuswap.controllers.portal.BuildingController  - 
[framework] 2014-09-17 11:31:38,899 - cn.focus.dc.focuswap.controllers.portal.BuildingController -1870278 [portalExecutor-26] INFO  cn.focus.dc.focuswap.controllers.portal.BuildingController  - 
[framework] 2014-09-17 11:32:12,576 - cn.focus.dc.focuswap.controllers.HealthCheckController -1903955 [catalina-exec-14] INFO  cn.focus.dc.focuswap.controllers.HealthCheckController  - QUEUE USAGE：0/51200
[framework] 2014-09-17 11:32:28,615 - cn.focus.dc.focuswap.controllers.HealthCheckController -1919994 [catalina-exec-1] INFO  cn.focus.dc.focuswap.controllers.HealthCheckController  - QUEUE USAGE：0/51200
[framework] 2014-09-17 11:32:38,130 - cn.focus.dc.focuswap.service.BuildingProposeService -1929509 [catalina-exec-14] INFO  cn.focus.dc.focuswap.service.BuildingProposeService  - set propose status to cache: 222
[framework] 2014-09-17 11:32:40,019 - cn.focus.dc.focuswap.controllers.portal.BuildingController -1931398 [portalExecutor-45] INFO  cn.focus.dc.focuswap.controllers.portal.BuildingController  - 
[framework] 2014-09-17 11:32:40,979 - cn.focus.dc.focuswap.controllers.portal.HomeController -1932358 [portalExecutor-63] INFO  cn.focus.dc.focuswap.controllers.portal.HomeController  - cached zhaofang list 83
[framework] 2014-09-17 11:32:41,033 - cn.focus.dc.focuswap.controllers.portal.HomeController -1932412 [portalExecutor-35] INFO  cn.focus.dc.focuswap.controllers.portal.HomeController  - cached xiao huxing list 83
[framework] 2014-09-17 11:32:41,035 - cn.focus.dc.focuswap.controllers.portal.HomeController -1932414 [portalExecutor-13] INFO  cn.focus.dc.focuswap.controllers.portal.HomeController  - cached dazheloupan list83
[framework] 2014-09-17 11:32:41,056 - cn.focus.dc.focuswap.controllers.portal.HomeController -1932435 [portalExecutor-38] INFO  cn.focus.dc.focuswap.controllers.portal.HomeController  - cached zuixinkaipan list 83
[framework] 2014-09-17 11:32:41,384 - cn.focus.dc.focuswap.service.HomeService -1932763 [portalExecutor-52] INFO  cn.focus.dc.focuswap.service.HomeService  - now adding home_jiaodiantu list to memcached server, key: wap:home:jiaodiantu:list:83
[framework] 2014-09-17 11:32:52,009 - cn.focus.dc.focuswap.controllers.HealthCheckController -1943388 [catalina-exec-39] INFO  cn.focus.dc.focuswap.controllers.HealthCheckController  - QUEUE USAGE：0/51200
[framework] 2014-09-17 11:33:25,938 - cn.focus.dc.focuswap.controllers.HealthCheckController -1977317 [catalina-exec-53] INFO  cn.focus.dc.focuswap.controllers.HealthCheckController  - QUEUE USAGE：0/51200
[framework] 2014-09-17 11:33:45,624 - cn.focus.dc.focuswap.controllers.portal.BuildingController -1997003 [portalExecutor-62] INFO  cn.focus.dc.focuswap.controllers.portal.BuildingController  - 
[framework] 2014-09-17 11:33:47,292 - cn.focus.dc.focuswap.controllers.portal.BuildingController -1998671 [portalExecutor-53] INFO  cn.focus.dc.focuswap.controllers.portal.BuildingController  - 
[framework] 2014-09-17 11:34:07,622 - cn.focus.dc.focuswap.controllers.portal.BuildingController -2019001 [portalExecutor-62] INFO  cn.focus.dc.focuswap.controllers.portal.BuildingController  - 
[framework] 2014-09-17 11:34:12,076 - cn.focus.dc.focuswap.controllers.HealthCheckController -2023455 [catalina-exec-77] INFO  cn.focus.dc.focuswap.controllers.HealthCheckController  - QUEUE USAGE：0/51200
[framework] 2014-09-17 11:34:12,579 - cn.focus.dc.focuswap.controllers.portal.HomeController -2023958 [portalExecutor-35] INFO  cn.focus.dc.focuswap.controllers.portal.HomeController  - cached zhaofang list 18
[framework] 2014-09-17 11:34:12,646 - cn.focus.dc.focuswap.controllers.portal.HomeController -2024025 [portalExecutor-88] INFO  cn.focus.dc.focuswap.controllers.portal.HomeController  - cached zuixinkaipan list 18
[framework] 2014-09-17 11:34:48,408 - cn.focus.dc.focuswap.controllers.BuildingDaoGouController -2059787 [catalina-exec-33] ERROR cn.focus.dc.focuswap.controllers.BuildingDaoGouController  - 获取导购列表请求，获取城市shangrao信息失败
[framework] 2014-09-17 11:35:01,572 - cn.focus.dc.focuswap.service.NewsService -2072951 [pool-7-thread-1] INFO  cn.focus.dc.focuswap.service.NewsService  - ====开始从PHP接口加载数据====
[framework] 2014-09-17 11:35:02,747 - cn.focus.dc.focuswap.service.NewsService -2074126 [pool-7-thread-1] INFO  cn.focus.dc.focuswap.service.NewsService  - ========从PHP接口加载数据完毕==========
[framework] 2014-09-17 11:35:14,650 - cn.focus.dc.focuswap.controllers.HealthCheckController -2086029 [catalina-exec-6] INFO  cn.focus.dc.focuswap.controllers.HealthCheckController  - QUEUE USAGE：0/51200
[framework] 2014-09-17 11:35:19,408 - cn.focus.dc.focuswap.controllers.portal.BuildingController -2090787 [portalExecutor-90] INFO  cn.focus.dc.focuswap.controllers.portal.BuildingController  - 
[framework] 2014-09-17 11:36:05,546 - cn.focus.dc.focuswap.controllers.HealthCheckController -2136925 [catalina-exec-8] INFO  cn.focus.dc.focuswap.controllers.HealthCheckController  - QUEUE USAGE：0/51200
[framework] 2014-09-17 11:36:18,132 - cn.focus.dc.focuswap.controllers.portal.BuildingController -2149511 [portalExecutor-66] INFO  cn.focus.dc.focuswap.controllers.portal.BuildingController  - 
[framework] 2014-09-17 11:36:18,603 - cn.focus.dc.focuswap.controllers.portal.BuildingController -2149982 [portalExecutor-90] INFO  cn.focus.dc.focuswap.controllers.portal.BuildingController  - 
[framework] 2014-09-17 11:36:29,601 - cn.focus.dc.focuswap.service.InterfaceService -2160980 [catalina-exec-61] ERROR cn.focus.dc.focuswap.service.InterfaceService  - error and url = http://dev.house.focus.cn/common/loupan/api/?mod=wap&func=wap_movement_info&city_id={cityId}&info_ids={infoId}and para = cityId 23,infoId 34624,
com.alibaba.fastjson.JSONException: syntax error, position at 11, name content
	at com.alibaba.fastjson.parser.DefaultJSONParser.parseObject(DefaultJSONParser.java:451)
	at com.alibaba.fastjson.parser.DefaultJSONParser.parseArray(DefaultJSONParser.java:918)
	at com.alibaba.fastjson.parser.DefaultJSONParser.parseObject(DefaultJSONParser.java:387)
	at com.alibaba.fastjson.parser.DefaultJSONParser.parse(DefaultJSONParser.java:1048)
	at com.alibaba.fastjson.parser.DefaultJSONParser.parse(DefaultJSONParser.java:1026)
	at com.alibaba.fastjson.JSON.parse(JSON.java:102)
	at com.alibaba.fastjson.JSON.parse(JSON.java:92)
	at com.alibaba.fastjson.JSON.parseObject(JSON.java:169)
	at cn.focus.dc.focuswap.service.InterfaceService.getJSONFromInterface(InterfaceService.java:50)
	at cn.focus.dc.focuswap.service.RencentNewsService.getRecentNewsFromPHP(RencentNewsService.java:249)
	at cn.focus.dc.focuswap.service.RencentNewsService.getRecentNewsToCache(RencentNewsService.java:190)
	at cn.focus.dc.focuswap.service.RencentNewsService.getRecentNews(RencentNewsService.java:273)
	at cn.focus.dc.focuswap.service.NewsService.filterATag(NewsService.java:606)
	at cn.focus.dc.focuswap.service.NewsService.filterTag(NewsService.java:447)
	at cn.focus.dc.focuswap.service.NewsService.getNews(NewsService.java:265)
	at cn.focus.dc.focuswap.controllers.BuildingXinWenController.getNews(BuildingXinWenController.java:310)
	at sun.reflect.GeneratedMethodAccessor54.invoke(Unknown Source)
	at sun.reflect.DelegatingMethodAccessorImpl.invoke(DelegatingMethodAccessorImpl.java:25)
	at java.lang.reflect.Method.invoke(Method.java:597)
	at net.paoding.rose.web.impl.thread.ActionEngine$InvocationChainImpl.doNext(ActionEngine.java:487)
	at net.paoding.rose.web.ControllerInterceptorAdapter.round(ControllerInterceptorAdapter.java:136)
	at net.paoding.rose.web.ControllerInterceptorAdapter.roundInvocation(ControllerInterceptorAdapter.java:104)
	at net.paoding.rose.web.InterceptorDelegate.roundInvocation(InterceptorDelegate.java:106)
	at net.paoding.rose.web.impl.thread.ActionEngine$InvocationChainImpl.doNext(ActionEngine.java:468)
	at net.paoding.rose.web.ControllerInterceptorAdapter.round(ControllerInterceptorAdapter.java:136)
	at net.paoding.rose.web.ControllerInterceptorAdapter.roundInvocation(ControllerInterceptorAdapter.java:104)
	at net.paoding.rose.web.InterceptorDelegate.roundInvocation(InterceptorDelegate.java:106)
	at net.paoding.rose.web.impl.thread.ActionEngine$InvocationChainImpl.doNext(ActionEngine.java:468)
	at net.paoding.rose.web.ControllerInterceptorAdapter.round(ControllerInterceptorAdapter.java:136)
	at net.paoding.rose.web.ControllerInterceptorAdapter.roundInvocation(ControllerInterceptorAdapter.java:104)
	at net.paoding.rose.web.InterceptorDelegate.roundInvocation(InterceptorDelegate.java:106)
	at net.paoding.rose.web.impl.thread.ActionEngine$InvocationChainImpl.doNext(ActionEngine.java:468)
	at net.paoding.rose.web.ControllerInterceptorAdapter.round(ControllerInterceptorAdapter.java:136)
	at net.paoding.rose.web.ControllerInterceptorAdapter.roundInvocation(ControllerInterceptorAdapter.java:104)
	at net.paoding.rose.web.InterceptorDelegate.roundInvocation(InterceptorDelegate.java:106)
	at net.paoding.rose.web.impl.thread.ActionEngine$InvocationChainImpl.doNext(ActionEngine.java:468)
	at net.paoding.rose.web.ControllerInterceptorAdapter.round(ControllerInterceptorAdapter.java:136)
	at net.paoding.rose.web.ControllerInterceptorAdapter.roundInvocation(ControllerInterceptorAdapter.java:104)
	at net.paoding.rose.web.InterceptorDelegate.roundInvocation(InterceptorDelegate.java:106)
	at net.paoding.rose.web.impl.thread.ActionEngine$InvocationChainImpl.doNext(ActionEngine.java:468)
	at net.paoding.rose.web.ControllerInterceptorAdapter.round(ControllerInterceptorAdapter.java:136)
	at net.paoding.rose.web.ControllerInterceptorAdapter.roundInvocation(ControllerInterceptorAdapter.java:104)
	at net.paoding.rose.web.InterceptorDelegate.roundInvocation(InterceptorDelegate.java:106)
	at net.paoding.rose.web.impl.thread.ActionEngine$InvocationChainImpl.doNext(ActionEngine.java:468)
	at net.paoding.rose.web.ControllerInterceptorAdapter.round(ControllerInterceptorAdapter.java:136)
	at net.paoding.rose.web.portal.impl.WindowCancelableSupportInterceptor.round(WindowCancelableSupportInterceptor.java:39)
	at net.paoding.rose.web.ControllerInterceptorAdapter.roundInvocation(ControllerInterceptorAdapter.java:104)
	at net.paoding.rose.web.InterceptorDelegate.roundInvocation(InterceptorDelegate.java:106)
	at net.paoding.rose.web.impl.thread.ActionEngine$InvocationChainImpl.doNext(ActionEngine.java:468)
	at net.paoding.rose.web.impl.thread.ActionEngine.innerExecute(ActionEngine.java:445)
	at net.paoding.rose.web.impl.thread.ActionEngine.execute(ActionEngine.java:391)
	at net.paoding.rose.web.impl.thread.LinkedEngine.execute(LinkedEngine.java:69)
	at net.paoding.rose.web.impl.thread.Rose.doNext(Rose.java:121)
	at net.paoding.rose.web.impl.thread.ControllerEngine.execute(ControllerEngine.java:83)
	at net.paoding.rose.web.impl.thread.LinkedEngine.execute(LinkedEngine.java:69)
	at net.paoding.rose.web.impl.thread.Rose.doNext(Rose.java:121)
	at net.paoding.rose.web.impl.thread.ModuleEngine.execute(ModuleEngine.java:119)
	at net.paoding.rose.web.impl.thread.LinkedEngine.execute(LinkedEngine.java:69)
	at net.paoding.rose.web.impl.thread.Rose.doNext(Rose.java:121)
	at net.paoding.rose.web.impl.thread.RootEngine.execute(RootEngine.java:126)
	at net.paoding.rose.web.impl.thread.LinkedEngine.execute(LinkedEngine.java:69)
	at net.paoding.rose.web.impl.thread.Rose.doNext(Rose.java:121)
	at net.paoding.rose.web.impl.thread.Rose.innerStart(Rose.java:256)
	at net.paoding.rose.web.impl.thread.Rose.start(Rose.java:109)
	at net.paoding.rose.RoseFilter.doFilter(RoseFilter.java:346)
	at org.apache.catalina.core.ApplicationFilterChain.internalDoFilter(ApplicationFilterChain.java:243)
	at org.apache.catalina.core.ApplicationFilterChain.doFilter(ApplicationFilterChain.java:210)
	at org.tuckey.web.filters.urlrewrite.RuleChain.handleRewrite(RuleChain.java:164)
	at org.tuckey.web.filters.urlrewrite.RuleChain.doRules(RuleChain.java:141)
	at org.tuckey.web.filters.urlrewrite.UrlRewriter.processRequest(UrlRewriter.java:90)
	at org.tuckey.web.filters.urlrewrite.UrlRewriteFilter.doFilter(UrlRewriteFilter.java:417)
	at org.apache.catalina.core.ApplicationFilterChain.internalDoFilter(ApplicationFilterChain.java:243)
	at org.apache.catalina.core.ApplicationFilterChain.doFilter(ApplicationFilterChain.java:210)
	at org.springframework.web.filter.CharacterEncodingFilter.doFilterInternal(CharacterEncodingFilter.java:88)
	at org.springframework.web.filter.OncePerRequestFilter.doFilter(OncePerRequestFilter.java:107)
	at org.apache.catalina.core.ApplicationFilterChain.internalDoFilter(ApplicationFilterChain.java:243)
	at org.apache.catalina.core.ApplicationFilterChain.doFilter(ApplicationFilterChain.java:210)
	at org.apache.catalina.core.StandardWrapperValve.invoke(StandardWrapperValve.java:222)
	at org.apache.catalina.core.StandardContextValve.invoke(StandardContextValve.java:123)
	at org.apache.catalina.authenticator.AuthenticatorBase.invoke(AuthenticatorBase.java:502)
	at org.apache.catalina.core.StandardHostValve.invoke(StandardHostValve.java:171)
	at org.apache.catalina.valves.ErrorReportValve.invoke(ErrorReportValve.java:100)
	at org.apache.catalina.core.StandardEngineValve.invoke(StandardEngineValve.java:118)
	at org.apache.catalina.connector.CoyoteAdapter.service(CoyoteAdapter.java:408)
	at org.apache.coyote.http11.AbstractHttp11Processor.process(AbstractHttp11Processor.java:1041)
	at org.apache.coyote.AbstractProtocol$AbstractConnectionHandler.process(AbstractProtocol.java:603)
	at org.apache.tomcat.util.net.JIoEndpoint$SocketProcessor.run(JIoEndpoint.java:310)
	at java.util.concurrent.ThreadPoolExecutor$Worker.runTask(ThreadPoolExecutor.java:886)
	at java.util.concurrent.ThreadPoolExecutor$Worker.run(ThreadPoolExecutor.java:908)
	at java.lang.Thread.run(Thread.java:662)
